<?xml version="1.0" encoding="UTF-8"?>
<testng-results ignored="0" total="1" passed="1" failed="0" skipped="0">
  <reporter-output>
    <line>
      <![CDATA[database connected]]>
    </line>
    <line>
      <![CDATA[Browser launched successfully]]>
    </line>
    <line>
      <![CDATA[logged in successfully]]>
    </line>
    <line>
      <![CDATA[logged out successfully]]>
    </line>
    <line>
      <![CDATA[Browser closed successfully]]>
    </line>
    <line>
      <![CDATA[database disconnected]]>
    </line>
  </reporter-output>
  <suite started-at="2023-09-29T11:17:41 IST" name="Default suite" finished-at="2023-09-29T11:19:09 IST" duration-ms="88626">
    <groups>
    </groups>
    <test started-at="2023-09-29T11:17:41 IST" name="Default test" finished-at="2023-09-29T11:19:09 IST" duration-ms="88626">
      <class name="com.Actitime.TestScripts.CreateCustomer">
        <test-method is-config="true" signature="databaseConnect()[pri:0, instance:com.Actitime.TestScripts.CreateCustomer@d554c5f]" started-at="2023-09-29T11:17:41 IST" name="databaseConnect" finished-at="2023-09-29T11:17:41 IST" duration-ms="36" status="PASS">
          <reporter-output>
            <line>
              <![CDATA[database connected]]>
            </line>
          </reporter-output>
        </test-method> <!-- databaseConnect -->
        <test-method is-config="true" signature="LaunchBrowser()[pri:0, instance:com.Actitime.TestScripts.CreateCustomer@d554c5f]" started-at="2023-09-29T11:17:41 IST" name="LaunchBrowser" finished-at="2023-09-29T11:18:24 IST" duration-ms="42944" status="PASS">
          <reporter-output>
            <line>
              <![CDATA[Browser launched successfully]]>
            </line>
          </reporter-output>
        </test-method> <!-- LaunchBrowser -->
        <test-method is-config="true" signature="LoginToActitime()[pri:0, instance:com.Actitime.TestScripts.CreateCustomer@d554c5f]" started-at="2023-09-29T11:18:24 IST" name="LoginToActitime" finished-at="2023-09-29T11:18:24 IST" duration-ms="514" status="PASS">
          <reporter-output>
            <line>
              <![CDATA[logged in successfully]]>
            </line>
          </reporter-output>
        </test-method> <!-- LoginToActitime -->
        <test-method signature="createCustomer()[pri:0, instance:com.Actitime.TestScripts.CreateCustomer@d554c5f]" started-at="2023-09-29T11:18:24 IST" name="createCustomer" finished-at="2023-09-29T11:19:03 IST" duration-ms="38520" status="PASS">
          <reporter-output>
          </reporter-output>
        </test-method> <!-- createCustomer -->
        <test-method is-config="true" signature="logoutfromActitime()[pri:0, instance:com.Actitime.TestScripts.CreateCustomer@d554c5f]" started-at="2023-09-29T11:19:03 IST" name="logoutfromActitime" finished-at="2023-09-29T11:19:08 IST" duration-ms="5167" status="PASS">
          <reporter-output>
            <line>
              <![CDATA[logged out successfully]]>
            </line>
          </reporter-output>
        </test-method> <!-- logoutfromActitime -->
        <test-method is-config="true" signature="CloseBrowser()[pri:0, instance:com.Actitime.TestScripts.CreateCustomer@d554c5f]" started-at="2023-09-29T11:19:08 IST" name="CloseBrowser" finished-at="2023-09-29T11:19:09 IST" duration-ms="1370" status="PASS">
          <reporter-output>
            <line>
              <![CDATA[Browser closed successfully]]>
            </line>
          </reporter-output>
        </test-method> <!-- CloseBrowser -->
        <test-method is-config="true" signature="databasedisConnect()[pri:0, instance:com.Actitime.TestScripts.CreateCustomer@d554c5f]" started-at="2023-09-29T11:19:10 IST" name="databasedisConnect" finished-at="2023-09-29T11:19:10 IST" duration-ms="1" status="PASS">
          <reporter-output>
            <line>
              <![CDATA[database disconnected]]>
            </line>
          </reporter-output>
        </test-method> <!-- databasedisConnect -->
      </class> <!-- com.Actitime.TestScripts.CreateCustomer -->
    </test> <!-- Default test -->
  </suite> <!-- Default suite -->
</testng-results>
